c:\users\werer\desktop\cs4247_1920s2_assign4_todo\debug\vc142.pdb
c:\users\werer\desktop\cs4247_1920s2_assign4_todo\debug\vc142.idb
c:\users\werer\desktop\cs4247_1920s2_assign4_todo\debug\common.obj
c:\users\werer\desktop\cs4247_1920s2_assign4_todo\debug\quadmodel.obj
c:\users\werer\desktop\cs4247_1920s2_assign4_todo\debug\quadsviewer.obj
c:\users\werer\desktop\cs4247_1920s2_assign4_todo\debug\trackball.obj
c:\users\werer\desktop\cs4247_1920s2_assign4_todo\debug\quadsviewer.exe
c:\users\werer\desktop\cs4247_1920s2_assign4_todo\debug\quadsviewer.ilk
c:\users\werer\desktop\cs4247_1920s2_assign4_todo\debug\quadsviewer.pdb
c:\users\werer\desktop\cs4247_1920s2_assign4_todo\debug\radiositysolver.obj
c:\users\werer\desktop\cs4247_1920s2_assign4_todo\debug\radiosityviewer.obj
c:\users\werer\desktop\cs4247_1920s2_assign4_todo\debug\radiositysolver.ilk
c:\users\werer\desktop\cs4247_1920s2_assign4_todo\debug\radiosityviewer.ilk
c:\users\werer\desktop\cs4247_1920s2_assign4_todo\debug\nativecodeanalysis.read.1.tlog
c:\users\werer\desktop\cs4247_1920s2_assign4_todo\debug\radiositysolver.pdb
c:\users\werer\desktop\cs4247_1920s2_assign4_todo\debug\radiosityviewer.pdb
c:\users\werer\desktop\cs4247_1920s2_assign4_todo\debug\common.nativecodeanalysis.xml
c:\users\werer\desktop\cs4247_1920s2_assign4_todo\debug\quadmodel.nativecodeanalysis.xml
c:\users\werer\desktop\cs4247_1920s2_assign4_todo\debug\radiositysolver.nativecodeanalysis.xml
c:\users\werer\desktop\cs4247_1920s2_assign4_todo\debug\vc.nativecodeanalysis.all.xml
c:\users\werer\desktop\cs4247_1920s2_assign4_todo\debug\quadsviewer.tlog\cl.command.1.tlog
c:\users\werer\desktop\cs4247_1920s2_assign4_todo\debug\quadsviewer.tlog\cl.read.1.tlog
c:\users\werer\desktop\cs4247_1920s2_assign4_todo\debug\quadsviewer.tlog\cl.write.1.tlog
c:\users\werer\desktop\cs4247_1920s2_assign4_todo\debug\quadsviewer.tlog\link.command.1.tlog
c:\users\werer\desktop\cs4247_1920s2_assign4_todo\debug\quadsviewer.tlog\link.read.1.tlog
c:\users\werer\desktop\cs4247_1920s2_assign4_todo\debug\quadsviewer.tlog\link.write.1.tlog
